2019-01-03 13:20:59,408 [main] INFO  com.TCard.demo.TCardDemoApplication 50 - Starting TCardDemoApplication on vcc-PC with PID 5088 (F:\projects\TCard_demo\target\classes started by vcc in F:\projects\TCard_demo)
2019-01-03 13:20:59,408 [main] INFO  com.TCard.demo.TCardDemoApplication 675 - No active profile set, falling back to default profiles: default
2019-01-03 13:21:00,157 [main] INFO  o.s.d.r.c.RepositoryConfigurationDelegate 244 - Multiple Spring Data modules found, entering strict repository configuration mode!
2019-01-03 13:21:00,157 [main] INFO  o.s.d.r.c.RepositoryConfigurationDelegate 126 - Bootstrapping Spring Data repositories in DEFAULT mode.
2019-01-03 13:21:00,267 [main] INFO  o.s.d.r.c.RepositoryConfigurationDelegate 182 - Finished Spring Data repository scanning in 110ms. Found 6 repository interfaces.
2019-01-03 13:21:00,282 [main] INFO  o.s.d.r.c.RepositoryConfigurationDelegate 244 - Multiple Spring Data modules found, entering strict repository configuration mode!
2019-01-03 13:21:00,282 [main] INFO  o.s.d.r.c.RepositoryConfigurationDelegate 126 - Bootstrapping Spring Data repositories in DEFAULT mode.
2019-01-03 13:21:00,298 [main] INFO  o.s.d.r.c.RepositoryConfigurationExtensionSupport 363 - Spring Data Redis - Could not safely identify store assignment for repository candidate interface com.TCard.demo.Dao.MemberApiRepository.
2019-01-03 13:21:00,298 [main] INFO  o.s.d.r.c.RepositoryConfigurationExtensionSupport 363 - Spring Data Redis - Could not safely identify store assignment for repository candidate interface com.TCard.demo.repository.PostRepository.
2019-01-03 13:21:00,298 [main] INFO  o.s.d.r.c.RepositoryConfigurationExtensionSupport 363 - Spring Data Redis - Could not safely identify store assignment for repository candidate interface com.TCard.demo.repository.RoleRepository.
2019-01-03 13:21:00,314 [main] INFO  o.s.d.r.c.RepositoryConfigurationExtensionSupport 363 - Spring Data Redis - Could not safely identify store assignment for repository candidate interface com.TCard.demo.repository.SectionRepository.
2019-01-03 13:21:00,314 [main] INFO  o.s.d.r.c.RepositoryConfigurationExtensionSupport 363 - Spring Data Redis - Could not safely identify store assignment for repository candidate interface com.TCard.demo.repository.TopicRepository.
2019-01-03 13:21:00,314 [main] INFO  o.s.d.r.c.RepositoryConfigurationExtensionSupport 363 - Spring Data Redis - Could not safely identify store assignment for repository candidate interface com.TCard.demo.repository.UserRepository.
2019-01-03 13:21:00,314 [main] INFO  o.s.d.r.c.RepositoryConfigurationDelegate 182 - Finished Spring Data repository scanning in 32ms. Found 0 repository interfaces.
2019-01-03 13:21:00,673 [main] INFO  o.s.c.s.PostProcessorRegistrationDelegate$BeanPostProcessorChecker 330 - Bean 'org.springframework.transaction.annotation.ProxyTransactionManagementConfiguration' of type [org.springframework.transaction.annotation.ProxyTransactionManagementConfiguration$$EnhancerBySpringCGLIB$$46342297] is not eligible for getting processed by all BeanPostProcessors (for example: not eligible for auto-proxying)
2019-01-03 13:21:00,964 [main] INFO  o.s.b.w.e.tomcat.TomcatWebServer 90 - Tomcat initialized with port(s): 1314 (http)
2019-01-03 13:21:00,979 [main] INFO  o.a.coyote.http11.Http11NioProtocol 173 - Initializing ProtocolHandler ["http-nio-1314"]
2019-01-03 13:21:00,995 [main] INFO  o.a.catalina.core.StandardService 173 - Starting service [Tomcat]
2019-01-03 13:21:00,995 [main] INFO  o.a.catalina.core.StandardEngine 173 - Starting Servlet Engine: Apache Tomcat/9.0.13
2019-01-03 13:21:00,995 [main] INFO  o.a.c.core.AprLifecycleListener 173 - The APR based Apache Tomcat Native library which allows optimal performance in production environments was not found on the java.library.path: [C:\Program Files\Java\jre1.8.0_181\bin;C:\Windows\Sun\Java\bin;C:\Windows\system32;C:\Windows;C:/Program Files/Java/jre1.8.0_181/bin/server;C:/Program Files/Java/jre1.8.0_181/bin;C:/Program Files/Java/jre1.8.0_181/lib/amd64;C:\Program Files (x86)\Common Files\Oracle\Java\javapath;C:\ProgramData\Oracle\Java\javapath;C:\WINDOWS\system32;C:\WINDOWS;C:\WINDOWS\System32\Wbem;C:\Program Files\Common Files\Autodesk Shared\;C:\Program Files (x86)\Autodesk\Backburner\;C:\Windows\System32;C:\Program Files (x86)\Calibre2\;C:\Python27;C:\Users\vcc\AppData\Local\Programs\Python\Python35;D:\Program Files\ClockworkMod\Universal Adb Driver;C:\Program Files (x86)\NVIDIA Corporation\PhysX\Common;D:\Program Files\Microsoft SQL Server\Client SDK\ODBC\110\Tools\Binn\;D:\Program Files (x86)\Microsoft SQL Server\120\Tools\Binn\;D:\Program Files\Microsoft SQL Server\120\Tools\Binn\;D:\Program Files\Microsoft SQL Server\120\DTS\Binn\;D:\Program Files (x86)\Microsoft SQL Server\120\Tools\Binn\ManagementStudio\;D:\Program Files (x86)\Microsoft SQL Server\120\DTS\Binn\;D:\Program Files\QuickTime\QTSystem\;C:\Windows\system32;C:\Windows;C:\Windows\System32\Wbem;C:\Windows\System32\WindowsPowerShell\v1.0\;C:\Windows\System32\OpenSSH\;D:\Program Files\MATLAB\R2018b\bin;C:\Program Files\dotnet\;C:\Program Files\Git\cmd;C:\Program Files\nodejs\;C:\Users\vcc\AppData\Local\Programs\Python\Python35\Scripts\;C:\Users\vcc\AppData\Local\Programs\Python\Python35\;C:\Program Files\Intel\WiFi\bin\;C:\Program Files\Common Files\Intel\WirelessCommon\;C:\Program Files\Java\jdk1.8.0_121\bin;%jJAVA_HOME%\jre\bin;C:\Windows\;C:\Users\vcc\AppData\Local\Programs\Python\Python35;C:\Users\vcc\AppData\Local\Microsoft\WindowsApps;C:\Users\vcc\AppData\Local\Programs\Python\Python35\Lib\site-packages\django;C:\Program Files\mysql-8.0.13-winx64\bin;C:\Users\vcc\AppData\Roaming\npm;D:\Program Files\apache-tomcat-9.0.14\bin;C:\Program Files\Redis;;D:\Program Files (x86)\eclipse;;.]
2019-01-03 13:21:01,149 [main] INFO  o.a.c.c.C.[Tomcat].[localhost].[/] 173 - Initializing Spring embedded WebApplicationContext
2019-01-03 13:21:01,150 [main] INFO  o.s.web.context.ContextLoader 296 - Root WebApplicationContext: initialization completed in 1711 ms
2019-01-03 13:21:01,617 [main] INFO  com.zaxxer.hikari.HikariDataSource 110 - HikariPool-1 - Starting...
2019-01-03 13:21:02,383 [main] INFO  com.zaxxer.hikari.HikariDataSource 123 - HikariPool-1 - Start completed.
2019-01-03 13:21:02,430 [main] INFO  o.h.jpa.internal.util.LogHelper 31 - HHH000204: Processing PersistenceUnitInfo [
	name: default
	...]
2019-01-03 13:21:02,508 [main] INFO  org.hibernate.Version 46 - HHH000412: Hibernate Core {5.3.7.Final}
2019-01-03 13:21:02,508 [main] INFO  org.hibernate.cfg.Environment 213 - HHH000206: hibernate.properties not found
2019-01-03 13:21:02,664 [main] INFO  o.h.annotations.common.Version 49 - HCANN000001: Hibernate Commons Annotations {5.0.4.Final}
2019-01-03 13:21:02,851 [main] INFO  org.hibernate.dialect.Dialect 157 - HHH000400: Using dialect: org.hibernate.dialect.MySQL5Dialect
2019-01-03 13:21:03,617 [main] INFO  o.s.o.j.LocalContainerEntityManagerFactoryBean 415 - Initialized JPA EntityManagerFactory for persistence unit 'default'
2019-01-03 13:21:03,804 [main] WARN  o.s.b.w.s.c.AnnotationConfigServletWebServerApplicationContext 554 - Exception encountered during context initialization - cancelling refresh attempt: org.springframework.beans.factory.UnsatisfiedDependencyException: Error creating bean with name 'homeController': Unsatisfied dependency expressed through field 'sectionService'; nested exception is org.springframework.beans.factory.UnsatisfiedDependencyException: Error creating bean with name 'sectionServiceImpl': Unsatisfied dependency expressed through field 'sectionRepository'; nested exception is org.springframework.beans.factory.BeanCreationException: Error creating bean with name 'sectionRepository': Invocation of init method failed; nested exception is java.lang.IllegalArgumentException: Failed to create query for method public abstract com.TCard.demo.Model.Section com.TCard.demo.repository.SectionRepository.findOne(int)! No property findOne found for type Section!
2019-01-03 13:21:03,804 [main] INFO  o.s.o.j.LocalContainerEntityManagerFactoryBean 597 - Closing JPA EntityManagerFactory for persistence unit 'default'
2019-01-03 13:21:03,804 [main] INFO  com.zaxxer.hikari.HikariDataSource 350 - HikariPool-1 - Shutdown initiated...
2019-01-03 13:21:03,820 [main] INFO  com.zaxxer.hikari.HikariDataSource 352 - HikariPool-1 - Shutdown completed.
2019-01-03 13:21:03,820 [main] INFO  o.a.catalina.core.StandardService 173 - Stopping service [Tomcat]
2019-01-03 13:21:03,835 [main] INFO  o.s.b.a.l.ConditionEvaluationReportLoggingListener 142 - 

Error starting ApplicationContext. To display the conditions report re-run your application with 'debug' enabled.
2019-01-03 13:21:03,851 [main] ERROR o.s.boot.SpringApplication 858 - Application run failed
org.springframework.beans.factory.UnsatisfiedDependencyException: Error creating bean with name 'homeController': Unsatisfied dependency expressed through field 'sectionService'; nested exception is org.springframework.beans.factory.UnsatisfiedDependencyException: Error creating bean with name 'sectionServiceImpl': Unsatisfied dependency expressed through field 'sectionRepository'; nested exception is org.springframework.beans.factory.BeanCreationException: Error creating bean with name 'sectionRepository': Invocation of init method failed; nested exception is java.lang.IllegalArgumentException: Failed to create query for method public abstract com.TCard.demo.Model.Section com.TCard.demo.repository.SectionRepository.findOne(int)! No property findOne found for type Section!
	at org.springframework.beans.factory.annotation.AutowiredAnnotationBeanPostProcessor$AutowiredFieldElement.inject(AutowiredAnnotationBeanPostProcessor.java:596)
	at org.springframework.beans.factory.annotation.InjectionMetadata.inject(InjectionMetadata.java:90)
	at org.springframework.beans.factory.annotation.AutowiredAnnotationBeanPostProcessor.postProcessProperties(AutowiredAnnotationBeanPostProcessor.java:374)
	at org.springframework.beans.factory.support.AbstractAutowireCapableBeanFactory.populateBean(AbstractAutowireCapableBeanFactory.java:1378)
	at org.springframework.beans.factory.support.AbstractAutowireCapableBeanFactory.doCreateBean(AbstractAutowireCapableBeanFactory.java:575)
	at org.springframework.beans.factory.support.AbstractAutowireCapableBeanFactory.createBean(AbstractAutowireCapableBeanFactory.java:498)
	at org.springframework.beans.factory.support.AbstractBeanFactory.lambda$doGetBean$0(AbstractBeanFactory.java:320)
	at org.springframework.beans.factory.support.DefaultSingletonBeanRegistry.getSingleton(DefaultSingletonBeanRegistry.java:222)
	at org.springframework.beans.factory.support.AbstractBeanFactory.doGetBean(AbstractBeanFactory.java:318)
	at org.springframework.beans.factory.support.AbstractBeanFactory.getBean(AbstractBeanFactory.java:199)
	at org.springframework.beans.factory.support.DefaultListableBeanFactory.preInstantiateSingletons(DefaultListableBeanFactory.java:846)
	at org.springframework.context.support.AbstractApplicationContext.finishBeanFactoryInitialization(AbstractApplicationContext.java:863)
	at org.springframework.context.support.AbstractApplicationContext.refresh(AbstractApplicationContext.java:546)
	at org.springframework.boot.web.servlet.context.ServletWebServerApplicationContext.refresh(ServletWebServerApplicationContext.java:142)
	at org.springframework.boot.SpringApplication.refresh(SpringApplication.java:775)
	at org.springframework.boot.SpringApplication.refreshContext(SpringApplication.java:397)
	at org.springframework.boot.SpringApplication.run(SpringApplication.java:316)
	at org.springframework.boot.SpringApplication.run(SpringApplication.java:1260)
	at org.springframework.boot.SpringApplication.run(SpringApplication.java:1248)
	at com.TCard.demo.TCardDemoApplication.main(TCardDemoApplication.java:15)
Caused by: org.springframework.beans.factory.UnsatisfiedDependencyException: Error creating bean with name 'sectionServiceImpl': Unsatisfied dependency expressed through field 'sectionRepository'; nested exception is org.springframework.beans.factory.BeanCreationException: Error creating bean with name 'sectionRepository': Invocation of init method failed; nested exception is java.lang.IllegalArgumentException: Failed to create query for method public abstract com.TCard.demo.Model.Section com.TCard.demo.repository.SectionRepository.findOne(int)! No property findOne found for type Section!
	at org.springframework.beans.factory.annotation.AutowiredAnnotationBeanPostProcessor$AutowiredFieldElement.inject(AutowiredAnnotationBeanPostProcessor.java:596)
	at org.springframework.beans.factory.annotation.InjectionMetadata.inject(InjectionMetadata.java:90)
	at org.springframework.beans.factory.annotation.AutowiredAnnotationBeanPostProcessor.postProcessProperties(AutowiredAnnotationBeanPostProcessor.java:374)
	at org.springframework.beans.factory.support.AbstractAutowireCapableBeanFactory.populateBean(AbstractAutowireCapableBeanFactory.java:1378)
	at org.springframework.beans.factory.support.AbstractAutowireCapableBeanFactory.doCreateBean(AbstractAutowireCapableBeanFactory.java:575)
	at org.springframework.beans.factory.support.AbstractAutowireCapableBeanFactory.createBean(AbstractAutowireCapableBeanFactory.java:498)
	at org.springframework.beans.factory.support.AbstractBeanFactory.lambda$doGetBean$0(AbstractBeanFactory.java:320)
	at org.springframework.beans.factory.support.DefaultSingletonBeanRegistry.getSingleton(DefaultSingletonBeanRegistry.java:222)
	at org.springframework.beans.factory.support.AbstractBeanFactory.doGetBean(AbstractBeanFactory.java:318)
	at org.springframework.beans.factory.support.AbstractBeanFactory.getBean(AbstractBeanFactory.java:199)
	at org.springframework.beans.factory.config.DependencyDescriptor.resolveCandidate(DependencyDescriptor.java:273)
	at org.springframework.beans.factory.support.DefaultListableBeanFactory.doResolveDependency(DefaultListableBeanFactory.java:1237)
	at org.springframework.beans.factory.support.DefaultListableBeanFactory.resolveDependency(DefaultListableBeanFactory.java:1164)
	at org.springframework.beans.factory.annotation.AutowiredAnnotationBeanPostProcessor$AutowiredFieldElement.inject(AutowiredAnnotationBeanPostProcessor.java:593)
	... 19 common frames omitted
Caused by: org.springframework.beans.factory.BeanCreationException: Error creating bean with name 'sectionRepository': Invocation of init method failed; nested exception is java.lang.IllegalArgumentException: Failed to create query for method public abstract com.TCard.demo.Model.Section com.TCard.demo.repository.SectionRepository.findOne(int)! No property findOne found for type Section!
	at org.springframework.beans.factory.support.AbstractAutowireCapableBeanFactory.initializeBean(AbstractAutowireCapableBeanFactory.java:1745)
	at org.springframework.beans.factory.support.AbstractAutowireCapableBeanFactory.doCreateBean(AbstractAutowireCapableBeanFactory.java:576)
	at org.springframework.beans.factory.support.AbstractAutowireCapableBeanFactory.createBean(AbstractAutowireCapableBeanFactory.java:498)
	at org.springframework.beans.factory.support.AbstractBeanFactory.lambda$doGetBean$0(AbstractBeanFactory.java:320)
	at org.springframework.beans.factory.support.DefaultSingletonBeanRegistry.getSingleton(DefaultSingletonBeanRegistry.java:222)
	at org.springframework.beans.factory.support.AbstractBeanFactory.doGetBean(AbstractBeanFactory.java:318)
	at org.springframework.beans.factory.support.AbstractBeanFactory.getBean(AbstractBeanFactory.java:199)
	at org.springframework.beans.factory.config.DependencyDescriptor.resolveCandidate(DependencyDescriptor.java:273)
	at org.springframework.beans.factory.support.DefaultListableBeanFactory.doResolveDependency(DefaultListableBeanFactory.java:1237)
	at org.springframework.beans.factory.support.DefaultListableBeanFactory.resolveDependency(DefaultListableBeanFactory.java:1164)
	at org.springframework.beans.factory.annotation.AutowiredAnnotationBeanPostProcessor$AutowiredFieldElement.inject(AutowiredAnnotationBeanPostProcessor.java:593)
	... 32 common frames omitted
Caused by: java.lang.IllegalArgumentException: Failed to create query for method public abstract com.TCard.demo.Model.Section com.TCard.demo.repository.SectionRepository.findOne(int)! No property findOne found for type Section!
	at org.springframework.data.jpa.repository.query.PartTreeJpaQuery.<init>(PartTreeJpaQuery.java:82)
	at org.springframework.data.jpa.repository.query.JpaQueryLookupStrategy$CreateQueryLookupStrategy.resolveQuery(JpaQueryLookupStrategy.java:103)
	at org.springframework.data.jpa.repository.query.JpaQueryLookupStrategy$CreateIfNotFoundQueryLookupStrategy.resolveQuery(JpaQueryLookupStrategy.java:208)
	at org.springframework.data.jpa.repository.query.JpaQueryLookupStrategy$AbstractQueryLookupStrategy.resolveQuery(JpaQueryLookupStrategy.java:79)
	at org.springframework.data.repository.core.support.RepositoryFactorySupport$QueryExecutorMethodInterceptor.lookupQuery(RepositoryFactorySupport.java:566)
	at org.springframework.data.repository.core.support.RepositoryFactorySupport$QueryExecutorMethodInterceptor.lambda$mapMethodsToQuery$1(RepositoryFactorySupport.java:559)
	at java.util.stream.ReferencePipeline$3$1.accept(Unknown Source)
	at java.util.Iterator.forEachRemaining(Unknown Source)
	at java.util.Collections$UnmodifiableCollection$1.forEachRemaining(Unknown Source)
	at java.util.Spliterators$IteratorSpliterator.forEachRemaining(Unknown Source)
	at java.util.stream.AbstractPipeline.copyInto(Unknown Source)
	at java.util.stream.AbstractPipeline.wrapAndCopyInto(Unknown Source)
	at java.util.stream.ReduceOps$ReduceOp.evaluateSequential(Unknown Source)
	at java.util.stream.AbstractPipeline.evaluate(Unknown Source)
	at java.util.stream.ReferencePipeline.collect(Unknown Source)
	at org.springframework.data.repository.core.support.RepositoryFactorySupport$QueryExecutorMethodInterceptor.mapMethodsToQuery(RepositoryFactorySupport.java:561)
	at org.springframework.data.repository.core.support.RepositoryFactorySupport$QueryExecutorMethodInterceptor.lambda$new$0(RepositoryFactorySupport.java:551)
	at java.util.Optional.map(Unknown Source)
	at org.springframework.data.repository.core.support.RepositoryFactorySupport$QueryExecutorMethodInterceptor.<init>(RepositoryFactorySupport.java:551)
	at org.springframework.data.repository.core.support.RepositoryFactorySupport.getRepository(RepositoryFactorySupport.java:324)
	at org.springframework.data.repository.core.support.RepositoryFactoryBeanSupport.lambda$afterPropertiesSet$5(RepositoryFactoryBeanSupport.java:297)
	at org.springframework.data.util.Lazy.getNullable(Lazy.java:211)
	at org.springframework.data.util.Lazy.get(Lazy.java:94)
	at org.springframework.data.repository.core.support.RepositoryFactoryBeanSupport.afterPropertiesSet(RepositoryFactoryBeanSupport.java:300)
	at org.springframework.data.jpa.repository.support.JpaRepositoryFactoryBean.afterPropertiesSet(JpaRepositoryFactoryBean.java:119)
	at org.springframework.beans.factory.support.AbstractAutowireCapableBeanFactory.invokeInitMethods(AbstractAutowireCapableBeanFactory.java:1804)
	at org.springframework.beans.factory.support.AbstractAutowireCapableBeanFactory.initializeBean(AbstractAutowireCapableBeanFactory.java:1741)
	... 42 common frames omitted
Caused by: org.springframework.data.mapping.PropertyReferenceException: No property findOne found for type Section!
	at org.springframework.data.mapping.PropertyPath.<init>(PropertyPath.java:94)
	at org.springframework.data.mapping.PropertyPath.create(PropertyPath.java:382)
	at org.springframework.data.mapping.PropertyPath.create(PropertyPath.java:358)
	at org.springframework.data.mapping.PropertyPath.lambda$from$0(PropertyPath.java:311)
	at java.util.concurrent.ConcurrentMap.computeIfAbsent(Unknown Source)
	at org.springframework.data.mapping.PropertyPath.from(PropertyPath.java:293)
	at org.springframework.data.mapping.PropertyPath.from(PropertyPath.java:276)
	at org.springframework.data.repository.query.parser.Part.<init>(Part.java:81)
	at org.springframework.data.repository.query.parser.PartTree$OrPart.lambda$new$0(PartTree.java:250)
	at java.util.stream.ReferencePipeline$3$1.accept(Unknown Source)
	at java.util.stream.ReferencePipeline$2$1.accept(Unknown Source)
	at java.util.Spliterators$ArraySpliterator.forEachRemaining(Unknown Source)
	at java.util.stream.AbstractPipeline.copyInto(Unknown Source)
	at java.util.stream.AbstractPipeline.wrapAndCopyInto(Unknown Source)
	at java.util.stream.ReduceOps$ReduceOp.evaluateSequential(Unknown Source)
	at java.util.stream.AbstractPipeline.evaluate(Unknown Source)
	at java.util.stream.ReferencePipeline.collect(Unknown Source)
	at org.springframework.data.repository.query.parser.PartTree$OrPart.<init>(PartTree.java:251)
	at org.springframework.data.repository.query.parser.PartTree$Predicate.lambda$new$0(PartTree.java:380)
	at java.util.stream.ReferencePipeline$3$1.accept(Unknown Source)
	at java.util.stream.ReferencePipeline$2$1.accept(Unknown Source)
	at java.util.Spliterators$ArraySpliterator.forEachRemaining(Unknown Source)
	at java.util.stream.AbstractPipeline.copyInto(Unknown Source)
	at java.util.stream.AbstractPipeline.wrapAndCopyInto(Unknown Source)
	at java.util.stream.ReduceOps$ReduceOp.evaluateSequential(Unknown Source)
	at java.util.stream.AbstractPipeline.evaluate(Unknown Source)
	at java.util.stream.ReferencePipeline.collect(Unknown Source)
	at org.springframework.data.repository.query.parser.PartTree$Predicate.<init>(PartTree.java:381)
	at org.springframework.data.repository.query.parser.PartTree.<init>(PartTree.java:93)
	at org.springframework.data.jpa.repository.query.PartTreeJpaQuery.<init>(PartTreeJpaQuery.java:76)
	... 68 common frames omitted
